build/app/intermediates/manifest_merge_blame_file/release/manifest-merger-blame-release-report.txt
1<?xml version="1.0" encoding="utf-8"?>
2<manifest xmlns:android="http://schemas.android.com/apk/res/android"
3    package="com.vams.medicineinventory"
4    android:versionCode="1"
5    android:versionName="1.0.0" >
6
7    <uses-sdk
8        android:minSdkVersion="19"
8-->src/main/AndroidManifest.xml
9        android:targetSdkVersion="31" />
9-->src/main/AndroidManifest.xml
10    <!-- internet permission -->
11    <uses-permission android:name="android.permission.INTERNET" />
11-->src/main/AndroidManifest.xml:4:5-67
11-->src/main/AndroidManifest.xml:4:22-64
12    <uses-permission android:name="android.permission.ACCESS_NETWORK_STATE" />
12-->[:connectivity_plus] AndroidManifest.xml:7:5-79
12-->[:connectivity_plus] AndroidManifest.xml:7:22-76
13    <uses-permission android:name="android.permission.WAKE_LOCK" />
13-->[com.google.android.gms:play-services-measurement-api:20.0.0] AndroidManifest.xml:24:5-68
13-->[com.google.android.gms:play-services-measurement-api:20.0.0] AndroidManifest.xml:24:22-65
14    <uses-permission android:name="com.google.android.finsky.permission.BIND_GET_INSTALL_REFERRER_SERVICE" />
14-->[com.google.android.gms:play-services-measurement:20.0.0] AndroidManifest.xml:26:5-110
14-->[com.google.android.gms:play-services-measurement:20.0.0] AndroidManifest.xml:26:22-107
15
16    <application
16-->src/main/AndroidManifest.xml:5:4-42:19
17        android:name="androidx.multidex.MultiDexApplication"
18        android:appComponentFactory="androidx.core.app.CoreComponentFactory"
18-->[androidx.core:core:1.6.0] AndroidManifest.xml:24:18-86
19        android:icon="@mipmap/ic_launcher"
19-->src/main/AndroidManifest.xml:7:9-43
20        android:label="medicine_inventory" >
20-->src/main/AndroidManifest.xml:6:9-43
21        <activity
21-->src/main/AndroidManifest.xml:8:9-36:20
22            android:name="com.vams.medicineinventory.MainActivity"
22-->src/main/AndroidManifest.xml:9:13-41
23            android:configChanges="orientation|keyboardHidden|keyboard|screenSize|smallestScreenSize|locale|layoutDirection|fontScale|screenLayout|density|uiMode"
23-->src/main/AndroidManifest.xml:12:13-163
24            android:hardwareAccelerated="true"
24-->src/main/AndroidManifest.xml:13:13-47
25            android:launchMode="singleTop"
25-->src/main/AndroidManifest.xml:10:13-43
26            android:theme="@style/LaunchTheme"
26-->src/main/AndroidManifest.xml:11:13-47
27            android:windowSoftInputMode="adjustResize" >
27-->src/main/AndroidManifest.xml:14:13-55
28
29            <!--
30                 Specifies an Android theme to apply to this Activity as soon as
31                 the Android process has started. This theme is visible to the user
32                 while the Flutter UI initializes. After that, this theme continues
33                 to determine the Window background behind the Flutter UI.
34            -->
35            <meta-data
35-->src/main/AndroidManifest.xml:19:13-22:17
36                android:name="io.flutter.embedding.android.NormalTheme"
36-->src/main/AndroidManifest.xml:20:15-70
37                android:resource="@style/NormalTheme" />
37-->src/main/AndroidManifest.xml:21:15-52
38            <!--
39                 Displays an Android View that continues showing the launch screen
40                 Drawable until Flutter paints its first frame, then this splash
41                 screen fades out. A splash screen is useful to avoid any visual
42                 gap between the end of Android's launch screen and the painting of
43                 Flutter's first frame.
44            -->
45            <meta-data
45-->src/main/AndroidManifest.xml:28:13-31:17
46                android:name="io.flutter.embedding.android.SplashScreenDrawable"
46-->src/main/AndroidManifest.xml:29:15-79
47                android:resource="@drawable/launch_background" />
47-->src/main/AndroidManifest.xml:30:15-61
48
49            <intent-filter>
49-->src/main/AndroidManifest.xml:32:13-35:29
50                <action android:name="android.intent.action.MAIN" />
50-->src/main/AndroidManifest.xml:33:17-68
50-->src/main/AndroidManifest.xml:33:25-66
51
52                <category android:name="android.intent.category.LAUNCHER" />
52-->src/main/AndroidManifest.xml:34:17-76
52-->src/main/AndroidManifest.xml:34:27-74
53            </intent-filter>
54        </activity>
55        <!--
56             Don't delete the meta-data below.
57             This is used by the Flutter tool to generate GeneratedPluginRegistrant.java
58        -->
59        <meta-data
59-->src/main/AndroidManifest.xml:39:9-41:33
60            android:name="flutterEmbedding"
60-->src/main/AndroidManifest.xml:40:13-44
61            android:value="2" />
61-->src/main/AndroidManifest.xml:41:13-30
62
63        <service
63-->[:cloud_firestore] AndroidManifest.xml:8:9-12:19
64            android:name="com.google.firebase.components.ComponentDiscoveryService"
64-->[:cloud_firestore] AndroidManifest.xml:8:18-89
65            android:directBootAware="true"
65-->[com.google.firebase:firebase-common:20.0.0] AndroidManifest.xml:35:13-43
66            android:exported="false" >
66-->[com.google.firebase:firebase-firestore:24.0.0] AndroidManifest.xml:19:13-37
67            <meta-data
67-->[:cloud_firestore] AndroidManifest.xml:9:13-11:85
68                android:name="com.google.firebase.components:io.flutter.plugins.firebase.firestore.FlutterFirebaseFirestoreRegistrar"
68-->[:cloud_firestore] AndroidManifest.xml:10:17-134
69                android:value="com.google.firebase.components.ComponentRegistrar" />
69-->[:cloud_firestore] AndroidManifest.xml:11:17-82
70            <meta-data
70-->[:firebase_core] AndroidManifest.xml:9:13-11:85
71                android:name="com.google.firebase.components:io.flutter.plugins.firebase.core.FlutterFirebaseCoreRegistrar"
71-->[:firebase_core] AndroidManifest.xml:10:17-124
72                android:value="com.google.firebase.components.ComponentRegistrar" />
72-->[:firebase_core] AndroidManifest.xml:11:17-82
73            <meta-data
73-->[com.google.firebase:firebase-firestore:24.0.0] AndroidManifest.xml:20:13-22:85
74                android:name="com.google.firebase.components:com.google.firebase.firestore.FirestoreRegistrar"
74-->[com.google.firebase:firebase-firestore:24.0.0] AndroidManifest.xml:21:17-111
75                android:value="com.google.firebase.components.ComponentRegistrar" />
75-->[com.google.firebase:firebase-firestore:24.0.0] AndroidManifest.xml:22:17-82
76            <meta-data
76-->[com.google.android.gms:play-services-measurement-api:20.0.0] AndroidManifest.xml:30:13-32:85
77                android:name="com.google.firebase.components:com.google.firebase.analytics.connector.internal.AnalyticsConnectorRegistrar"
77-->[com.google.android.gms:play-services-measurement-api:20.0.0] AndroidManifest.xml:31:17-139
78                android:value="com.google.firebase.components.ComponentRegistrar" />
78-->[com.google.android.gms:play-services-measurement-api:20.0.0] AndroidManifest.xml:32:17-82
79            <meta-data
79-->[com.google.firebase:firebase-installations:17.0.0] AndroidManifest.xml:18:13-20:85
80                android:name="com.google.firebase.components:com.google.firebase.installations.FirebaseInstallationsRegistrar"
80-->[com.google.firebase:firebase-installations:17.0.0] AndroidManifest.xml:19:17-127
81                android:value="com.google.firebase.components.ComponentRegistrar" />
81-->[com.google.firebase:firebase-installations:17.0.0] AndroidManifest.xml:20:17-82
82        </service>
83
84        <provider
84-->[:isar_flutter_libs] AndroidManifest.xml:9:9-17:20
85            android:name="androidx.startup.InitializationProvider"
85-->[:isar_flutter_libs] AndroidManifest.xml:10:13-67
86            android:authorities="com.vams.medicineinventory.androidx-startup"
86-->[:isar_flutter_libs] AndroidManifest.xml:11:13-68
87            android:exported="false" >
87-->[:isar_flutter_libs] AndroidManifest.xml:12:13-37
88            <meta-data
88-->[:isar_flutter_libs] AndroidManifest.xml:14:13-16:52
89                android:name="dev.isar.isar_flutter_libs.IsarInitializer"
89-->[:isar_flutter_libs] AndroidManifest.xml:15:17-74
90                android:value="androidx.startup" />
90-->[:isar_flutter_libs] AndroidManifest.xml:16:17-49
91        </provider>
92
93        <uses-library
93-->[androidx.window:window:1.0.0-beta04] AndroidManifest.xml:25:9-27:40
94            android:name="androidx.window.extensions"
94-->[androidx.window:window:1.0.0-beta04] AndroidManifest.xml:26:13-54
95            android:required="false" />
95-->[androidx.window:window:1.0.0-beta04] AndroidManifest.xml:27:13-37
96        <uses-library
96-->[androidx.window:window:1.0.0-beta04] AndroidManifest.xml:28:9-30:40
97            android:name="androidx.window.sidecar"
97-->[androidx.window:window:1.0.0-beta04] AndroidManifest.xml:29:13-51
98            android:required="false" />
98-->[androidx.window:window:1.0.0-beta04] AndroidManifest.xml:30:13-37
99
100        <provider
100-->[com.google.firebase:firebase-common:20.0.0] AndroidManifest.xml:26:9-31:39
101            android:name="com.google.firebase.provider.FirebaseInitProvider"
101-->[com.google.firebase:firebase-common:20.0.0] AndroidManifest.xml:27:13-77
102            android:authorities="com.vams.medicineinventory.firebaseinitprovider"
102-->[com.google.firebase:firebase-common:20.0.0] AndroidManifest.xml:28:13-72
103            android:directBootAware="true"
103-->[com.google.firebase:firebase-common:20.0.0] AndroidManifest.xml:29:13-43
104            android:exported="false"
104-->[com.google.firebase:firebase-common:20.0.0] AndroidManifest.xml:30:13-37
105            android:initOrder="100" />
105-->[com.google.firebase:firebase-common:20.0.0] AndroidManifest.xml:31:13-36
106
107        <receiver
107-->[com.google.android.gms:play-services-measurement:20.0.0] AndroidManifest.xml:29:9-33:20
108            android:name="com.google.android.gms.measurement.AppMeasurementReceiver"
108-->[com.google.android.gms:play-services-measurement:20.0.0] AndroidManifest.xml:30:13-85
109            android:enabled="true"
109-->[com.google.android.gms:play-services-measurement:20.0.0] AndroidManifest.xml:31:13-35
110            android:exported="false" >
110-->[com.google.android.gms:play-services-measurement:20.0.0] AndroidManifest.xml:32:13-37
111        </receiver>
112
113        <service
113-->[com.google.android.gms:play-services-measurement:20.0.0] AndroidManifest.xml:35:9-38:40
114            android:name="com.google.android.gms.measurement.AppMeasurementService"
114-->[com.google.android.gms:play-services-measurement:20.0.0] AndroidManifest.xml:36:13-84
115            android:enabled="true"
115-->[com.google.android.gms:play-services-measurement:20.0.0] AndroidManifest.xml:37:13-35
116            android:exported="false" />
116-->[com.google.android.gms:play-services-measurement:20.0.0] AndroidManifest.xml:38:13-37
117        <service
117-->[com.google.android.gms:play-services-measurement:20.0.0] AndroidManifest.xml:39:9-43:72
118            android:name="com.google.android.gms.measurement.AppMeasurementJobService"
118-->[com.google.android.gms:play-services-measurement:20.0.0] AndroidManifest.xml:40:13-87
119            android:enabled="true"
119-->[com.google.android.gms:play-services-measurement:20.0.0] AndroidManifest.xml:41:13-35
120            android:exported="false"
120-->[com.google.android.gms:play-services-measurement:20.0.0] AndroidManifest.xml:42:13-37
121            android:permission="android.permission.BIND_JOB_SERVICE" />
121-->[com.google.android.gms:play-services-measurement:20.0.0] AndroidManifest.xml:43:13-69
122
123        <activity
123-->[com.google.android.gms:play-services-base:17.1.0] AndroidManifest.xml:23:9-26:75
124            android:name="com.google.android.gms.common.api.GoogleApiActivity"
124-->[com.google.android.gms:play-services-base:17.1.0] AndroidManifest.xml:24:13-79
125            android:exported="false"
125-->[com.google.android.gms:play-services-base:17.1.0] AndroidManifest.xml:25:13-37
126            android:theme="@android:style/Theme.Translucent.NoTitleBar" />
126-->[com.google.android.gms:play-services-base:17.1.0] AndroidManifest.xml:26:13-72
127
128        <meta-data
128-->[com.google.android.gms:play-services-basement:17.0.0] AndroidManifest.xml:23:9-25:69
129            android:name="com.google.android.gms.version"
129-->[com.google.android.gms:play-services-basement:17.0.0] AndroidManifest.xml:24:13-58
130            android:value="@integer/google_play_services_version" />
130-->[com.google.android.gms:play-services-basement:17.0.0] AndroidManifest.xml:25:13-66
131    </application>
132
133</manifest>